<?xml version="1.0" encoding="UTF-8"?>
<testng-results ignored="1" total="2" passed="1" failed="0" skipped="0">
  <reporter-output>
  </reporter-output>
  <suite started-at="2022-12-04T07:19:05Z" name="Default suite" finished-at="2022-12-04T07:19:07Z" duration-ms="1618">
    <groups>
    </groups>
    <test started-at="2022-12-04T07:19:05Z" name="Default test" finished-at="2022-12-04T07:19:07Z" duration-ms="1618">
      <class name="RestApiBDD.GetRequestBDD">
        <test-method signature="Test1()[pri:0, instance:RestApiBDD.GetRequestBDD@282cb7c7]" started-at="2022-12-04T07:19:05Z" name="Test1" finished-at="2022-12-04T07:19:07Z" duration-ms="1603" status="PASS">
          <reporter-output>
          </reporter-output>
        </test-method> <!-- Test1 -->
      </class> <!-- RestApiBDD.GetRequestBDD -->
    </test> <!-- Default test -->
  </suite> <!-- Default suite -->
</testng-results>
